TN:
SF:src\router.ts
FN:21,(anonymous_0)
FN:35,(anonymous_1)
FNF:2
FNH:2
FNDA:5,(anonymous_0)
FNDA:5,(anonymous_1)
DA:1,1
DA:2,1
DA:3,1
DA:4,1
DA:6,1
DA:7,1
DA:8,1
DA:14,1
DA:21,5
DA:27,1
DA:35,5
DA:41,1
DA:47,1
DA:53,1
LF:14
LH:14
BRF:0
BRH:0
end_of_record
TN:
SF:src\server.ts
FN:6,connectDb
FNF:1
FNH:1
FNDA:1,connectDb
DA:1,1
DA:2,1
DA:3,1
DA:4,1
DA:8,1
DA:9,1
DA:11,1
DA:16,0
DA:17,0
DA:21,1
DA:23,1
DA:25,1
DA:27,1
DA:29,1
LF:14
LH:12
BRF:0
BRH:0
end_of_record
TN:
SF:src\config\db.ts
FNF:0
FNH:0
DA:1,1
DA:2,1
DA:4,1
DA:7,1
DA:12,1
LF:5
LH:5
BRF:0
BRH:0
end_of_record
TN:
SF:src\handlers\products.ts
FN:4,(anonymous_1)
FN:17,(anonymous_2)
FN:29,(anonymous_3)
FN:38,(anonymous_4)
FN:56,(anonymous_5)
FN:73,(anonymous_6)
FNF:6
FNH:6
FNDA:2,(anonymous_1)
FNDA:2,(anonymous_2)
FNDA:1,(anonymous_3)
FNDA:2,(anonymous_4)
FNDA:2,(anonymous_5)
FNDA:2,(anonymous_6)
DA:2,1
DA:4,1
DA:5,2
DA:6,2
DA:8,2
DA:9,1
DA:14,1
DA:17,1
DA:18,2
DA:25,2
DA:29,1
DA:31,1
DA:33,1
DA:35,1
DA:38,1
DA:40,2
DA:41,2
DA:43,2
DA:44,1
DA:49,1
DA:50,1
DA:51,1
DA:56,1
DA:58,2
DA:59,2
DA:61,2
DA:62,1
DA:67,1
DA:68,1
DA:69,1
DA:73,1
DA:74,2
DA:75,2
DA:77,2
DA:78,1
DA:83,1
DA:84,1
LF:37
LH:37
BRDA:8,0,0,1
BRDA:43,1,0,1
BRDA:61,2,0,1
BRDA:77,3,0,1
BRF:4
BRH:4
end_of_record
TN:
SF:src\middleware\index.ts
FN:4,(anonymous_0)
FNF:1
FNH:1
FNDA:18,(anonymous_0)
DA:2,1
DA:4,1
DA:6,18
DA:7,18
DA:8,9
DA:11,9
LF:6
LH:6
BRDA:7,0,0,9
BRF:1
BRH:1
end_of_record
TN:
SF:src\models\Product.model.ts
FNF:0
FNH:0
DA:1,1
DA:7,1
DA:11,1
DA:16,1
DA:22,1
DA:25,1
LF:6
LH:6
BRF:0
BRH:0
end_of_record
